[debug] [2021-10-19T06:52:08.706Z] ----------------------------------------------------------------------
[debug] [2021-10-19T06:52:08.708Z] Command:       C:\Program Files\nodejs\node.exe C:\Users\enamu\AppData\Roaming\npm\node_modules\firebase-tools\lib\bin\firebase.js init
[debug] [2021-10-19T06:52:08.708Z] CLI Version:   9.20.0
[debug] [2021-10-19T06:52:08.708Z] Platform:      win32
[debug] [2021-10-19T06:52:08.708Z] Node Version:  v16.10.0
[debug] [2021-10-19T06:52:08.709Z] Time:          Tue Oct 19 2021 12:52:08 GMT+0600 (Bangladesh Standard Time)
[debug] [2021-10-19T06:52:08.709Z] ----------------------------------------------------------------------
[debug] 
[debug] [2021-10-19T06:52:08.714Z] > command requires scopes: ["email","openid","https://www.googleapis.com/auth/cloudplatformprojects.readonly","https://www.googleapis.com/auth/firebase","https://www.googleapis.com/auth/cloud-platform"]
[debug] [2021-10-19T06:52:08.715Z] > authorizing via signed-in user (mohaamir553@gmail.com)
[info] 
     ######## #### ########  ######## ########     ###     ######  ########
     ##        ##  ##     ## ##       ##     ##  ##   ##  ##       ##
     ######    ##  ########  ######   ########  #########  ######  ######
     ##        ##  ##    ##  ##       ##     ## ##     ##       ## ##
     ##       #### ##     ## ######## ########  ##     ##  ######  ########

You're about to initialize a Firebase project in this directory:

  E:\Projects\assignment-10

[info] 
=== Project Setup
[info] 
[info] First, let's associate this project directory with a Firebase project.
[info] You can create multiple project aliases by running firebase use --add, 
[info] but for now we'll just set up a default project.
[info] 
[debug] [2021-10-19T06:52:26.622Z] >>> [apiv2][query] GET https://firebase.googleapis.com/v1beta1/projects pageSize=100
[debug] [2021-10-19T06:52:27.561Z] <<< [apiv2][status] GET https://firebase.googleapis.com/v1beta1/projects 200
[debug] [2021-10-19T06:52:27.561Z] <<< [apiv2][body] GET https://firebase.googleapis.com/v1beta1/projects [omitted]
[info] i  Using project arch-creek-animal-clinic (Arch Creek Animal Clinic) 
[info] 
=== Hosting:github Setup
[info] 
[info] i  Detected a .git folder at E:\Projects\assignment-10 
[info] i  Authorizing with GitHub to upload your service account to a GitHub repository's secrets store. 
[info] 
[info] Visit this URL on this device to log in:
[info] https://github.com/login/oauth/authorize?client_id=89cf50f02ac6aaed3484&state=868147114&redirect_uri=http%3A%2F%2Flocalhost%3A9005&scope=read%3Auser%20repo%20public_repo
[info] 
[info] Waiting for authentication...
[debug] [2021-10-19T06:54:14.737Z] >>> HTTP REQUEST POST https://github.com/login/oauth/access_token  
 {"client_id":"89cf50f02ac6aaed3484","client_secret":"3330d14abc895d9a74d5f17cd7a00711fa2c5bf0","code":"5780e91f74bfea2a8a2e","redirect_uri":"http://localhost:9005","state":"868147114"}
[debug] [2021-10-19T06:54:15.226Z] <<< HTTP RESPONSE 200 {"server":"GitHub.com","date":"Tue, 19 Oct 2021 06:54:15 GMT","content-type":"application/json; charset=utf-8","transfer-encoding":"chunked","vary":"X-PJAX, X-PJAX-Container, Accept-Encoding, Accept, X-Requested-With","permissions-policy":"interest-cohort=()","etag":"W/\"3dc45ef61e594a11567f65bdb19c2a7d\"","cache-control":"max-age=0, private, must-revalidate","strict-transport-security":"max-age=31536000; includeSubdomains; preload","x-frame-options":"deny","x-content-type-options":"nosniff","x-xss-protection":"0","referrer-policy":"origin-when-cross-origin, strict-origin-when-cross-origin","expect-ct":"max-age=2592000, report-uri=\"https://api.github.com/_private/browser/errors\"","content-security-policy":"default-src 'none'; base-uri 'self'; block-all-mixed-content; child-src github.com/assets-cdn/worker/ gist.github.com/assets-cdn/worker/; connect-src 'self' uploads.github.com objects-origin.githubusercontent.com www.githubstatus.com collector.githubapp.com api.github.com github-cloud.s3.amazonaws.com github-production-repository-file-5c1aeb.s3.amazonaws.com github-production-upload-manifest-file-7fdce7.s3.amazonaws.com github-production-user-asset-6210df.s3.amazonaws.com cdn.optimizely.com logx.optimizely.com/v1/events translator.github.com wss://alive.github.com; font-src github.githubassets.com; form-action 'self' github.com gist.github.com objects-origin.githubusercontent.com; frame-ancestors 'none'; frame-src render.githubusercontent.com viewscreen.githubusercontent.com; img-src 'self' data: github.githubassets.com identicons.github.com collector.githubapp.com github-cloud.s3.amazonaws.com secured-user-images.githubusercontent.com/ *.githubusercontent.com; manifest-src 'self'; media-src github.com user-images.githubusercontent.com/; script-src github.githubassets.com; style-src 'unsafe-inline' github.githubassets.com; worker-src github.com/assets-cdn/worker/ gist.github.com/assets-cdn/worker/","x-github-request-id":"211D:0D98:B1BAC2:D5CC5A:616E6B97"}
[debug] [2021-10-19T06:54:15.228Z] >>> [apiv2][query] GET https://api.github.com/user [none]
[debug] [2021-10-19T06:54:15.784Z] <<< [apiv2][status] GET https://api.github.com/user 200
[debug] [2021-10-19T06:54:15.784Z] <<< [apiv2][body] GET https://api.github.com/user {"login":"avengersz","id":91014097,"node_id":"MDQ6VXNlcjkxMDE0MDk3","avatar_url":"https://avatars.githubusercontent.com/u/91014097?v=4","gravatar_id":"","url":"https://api.github.com/users/avengersz","html_url":"https://github.com/avengersz","followers_url":"https://api.github.com/users/avengersz/followers","following_url":"https://api.github.com/users/avengersz/following{/other_user}","gists_url":"https://api.github.com/users/avengersz/gists{/gist_id}","starred_url":"https://api.github.com/users/avengersz/starred{/owner}{/repo}","subscriptions_url":"https://api.github.com/users/avengersz/subscriptions","organizations_url":"https://api.github.com/users/avengersz/orgs","repos_url":"https://api.github.com/users/avengersz/repos","events_url":"https://api.github.com/users/avengersz/events{/privacy}","received_events_url":"https://api.github.com/users/avengersz/received_events","type":"User","site_admin":false,"name":"SM Enamul Apan","company":null,"blog":"https://www.linkedin.com/in/s-m-enamul-apan-775ba3162/","location":"Bangladesh","email":null,"hireable":null,"bio":null,"twitter_username":"SEnamul","public_repos":7,"public_gists":0,"followers":3,"following":2,"created_at":"2021-09-19T12:13:37Z","updated_at":"2021-10-06T13:41:17Z","private_gists":0,"total_private_repos":0,"owned_private_repos":0,"disk_usage":5850,"collaborators":0,"two_factor_authentication":false,"plan":{"name":"pro","space":976562499,"collaborators":0,"private_repos":9999}}
[info] 
[info] +  Success! Logged into GitHub as avengersz 
[info] 
